#
# There is insufficient memory for the Java Runtime Environment to continue.
# Native memory allocation (mmap) failed to map 60817408 bytes. Error detail: G1 virtual space
# Possible reasons:
#   The system is out of physical RAM or swap space
#   This process is running with CompressedOops enabled, and the Java Heap may be blocking the growth of the native heap
# Possible solutions:
#   Reduce memory load on the system
#   Increase physical memory or swap space
#   Check if swap backing store is full
#   Decrease Java heap size (-Xmx/-Xms)
#   Decrease number of Java threads
#   Decrease Java thread stack sizes (-Xss)
#   Set larger code cache with -XX:ReservedCodeCacheSize=
#   JVM is running with Unscaled Compressed Oops mode in which the Java heap is
#     placed in the first 4GB address space. The Java Heap base address is the
#     maximum limit for the native heap growth. Please use -XX:HeapBaseMinAddress
#     to set the Java Heap base and to place the Java Heap above 4GB virtual address.
# This output file may be truncated or incomplete.
#
#  Out of Memory Error (os_windows.cpp:3613), pid=21300, tid=10712
#
# JRE version: OpenJDK Runtime Environment Temurin-17.0.11+9 (17.0.11+9) (build 17.0.11+9)
# Java VM: OpenJDK 64-Bit Server VM Temurin-17.0.11+9 (17.0.11+9, mixed mode, tiered, compressed oops, compressed class ptrs, g1 gc, windows-amd64)
# No core dump will be written. Minidumps are not enabled by default on client versions of Windows
#

---------------  S U M M A R Y ------------

Command Line: -Dfile.encoding=UTF-8 -Dstdout.encoding=UTF-8 -Dstderr.encoding=UTF-8 --module-path=C:\Users\Clint\Documents\Processing\Larnish\Arts\bin -XX:+ShowCodeDetailsInExceptionMessages -Djdk.module.main=Arts Arts/Arts.Arts

Host: Intel(R) Core(TM) i7-2630QM CPU @ 2.00GHz, 8 cores, 7G,  Windows 10 , 64 bit Build 19041 (10.0.19041.4957)
Time: Thu Oct 24 18:30:58 2024 Mountain Daylight Time elapsed time: 34.556581 seconds (0d 0h 0m 34s)

---------------  T H R E A D  ---------------

Current thread (0x000001cfa5d227d0):  VMThread "VM Thread" [stack: 0x000000ce4c600000,0x000000ce4c700000] [id=10712]

Stack: [0x000000ce4c600000,0x000000ce4c700000]
Native frames: (J=compiled Java code, j=interpreted, Vv=VM code, C=native code)
V  [jvm.dll+0x67d429]
V  [jvm.dll+0x834b7a]
V  [jvm.dll+0x83663e]
V  [jvm.dll+0x836ca3]
V  [jvm.dll+0x247dbf]
V  [jvm.dll+0x67a269]
V  [jvm.dll+0x66ecda]
V  [jvm.dll+0x30797b]
V  [jvm.dll+0x30ee26]
V  [jvm.dll+0x35e80e]
V  [jvm.dll+0x35ea3f]
V  [jvm.dll+0x2de6b8]
V  [jvm.dll+0x2dcac4]
V  [jvm.dll+0x2dc0cc]
V  [jvm.dll+0x31fdf1]
V  [jvm.dll+0x83b19b]
V  [jvm.dll+0x83bed2]
V  [jvm.dll+0x83c3ed]
V  [jvm.dll+0x83c7c4]
V  [jvm.dll+0x83c890]
V  [jvm.dll+0x7e410a]
V  [jvm.dll+0x67c315]
C  [ucrtbase.dll+0x21bb2]
C  [KERNEL32.DLL+0x17374]
C  [ntdll.dll+0x4cc91]

VM_Operation (0x000000ce4d8fd3f0): G1TryInitiateConcMark, mode: safepoint, requested by thread 0x000001cfaa2cc780


---------------  P R O C E S S  ---------------

Threads class SMR info:
_java_thread_list=0x000001cfaa1eeb30, length=16, elements={
0x000001cfaa0133e0, 0x000001cfaa0140b0, 0x000001cfaa02abc0, 0x000001cfaa02c4a0,
0x000001cfaa031190, 0x000001cfaa039a70, 0x000001cfaa03db70, 0x000001cfaa03e480,
0x000001cfaa051970, 0x000001cfa5caf290, 0x000001cfaa2c9210, 0x000001cfaa4ce450,
0x000001cfaa4a8b00, 0x000001cfaa4a9ff0, 0x000001cfaa2cc780, 0x000001cf8bd52a60
}

Java Threads: ( => current thread )
  0x000001cfaa0133e0 JavaThread "Reference Handler" daemon [_thread_blocked, id=20172, stack(0x000000ce4c700000,0x000000ce4c800000)]
  0x000001cfaa0140b0 JavaThread "Finalizer" daemon [_thread_blocked, id=19612, stack(0x000000ce4c800000,0x000000ce4c900000)]
  0x000001cfaa02abc0 JavaThread "Signal Dispatcher" daemon [_thread_blocked, id=25240, stack(0x000000ce4c900000,0x000000ce4ca00000)]
  0x000001cfaa02c4a0 JavaThread "Attach Listener" daemon [_thread_blocked, id=24048, stack(0x000000ce4ca00000,0x000000ce4cb00000)]
  0x000001cfaa031190 JavaThread "Service Thread" daemon [_thread_blocked, id=8760, stack(0x000000ce4cb00000,0x000000ce4cc00000)]
  0x000001cfaa039a70 JavaThread "Monitor Deflation Thread" daemon [_thread_blocked, id=16912, stack(0x000000ce4cc00000,0x000000ce4cd00000)]
  0x000001cfaa03db70 JavaThread "C2 CompilerThread0" daemon [_thread_blocked, id=21848, stack(0x000000ce4cd00000,0x000000ce4ce00000)]
  0x000001cfaa03e480 JavaThread "C1 CompilerThread0" daemon [_thread_blocked, id=22320, stack(0x000000ce4ce00000,0x000000ce4cf00000)]
  0x000001cfaa051970 JavaThread "Sweeper thread" daemon [_thread_blocked, id=24848, stack(0x000000ce4cf00000,0x000000ce4d000000)]
  0x000001cfa5caf290 JavaThread "Common-Cleaner" daemon [_thread_blocked, id=10936, stack(0x000000ce4d000000,0x000000ce4d100000)]
  0x000001cfaa2c9210 JavaThread "Notification Thread" daemon [_thread_blocked, id=9508, stack(0x000000ce4d100000,0x000000ce4d200000)]
  0x000001cfaa4ce450 JavaThread "Java2D Disposer" daemon [_thread_blocked, id=23216, stack(0x000000ce4d300000,0x000000ce4d400000)]
  0x000001cfaa4a8b00 JavaThread "AWT-Shutdown" [_thread_blocked, id=23476, stack(0x000000ce4d400000,0x000000ce4d500000)]
  0x000001cfaa4a9ff0 JavaThread "AWT-Windows" daemon [_thread_blocked, id=21448, stack(0x000000ce4d500000,0x000000ce4d600000)]
  0x000001cfaa2cc780 JavaThread "AWT-EventQueue-0" [_thread_blocked, id=22780, stack(0x000000ce4d800000,0x000000ce4d900000)]
  0x000001cf8bd52a60 JavaThread "DestroyJavaVM" [_thread_blocked, id=12644, stack(0x000000ce4c000000,0x000000ce4c100000)]

Other Threads:
=>0x000001cfa5d227d0 VMThread "VM Thread" [stack: 0x000000ce4c600000,0x000000ce4c700000] [id=10712]
  0x000001cfaa2c96f0 WatcherThread [stack: 0x000000ce4d200000,0x000000ce4d300000] [id=1068]
  0x000001cf8bdaad80 GCTaskThread "GC Thread#0" [stack: 0x000000ce4c100000,0x000000ce4c200000] [id=18328]
  0x000001cfaa624f60 GCTaskThread "GC Thread#1" [stack: 0x000000ce4d600000,0x000000ce4d700000] [id=18028]
  0x000001cfaa625220 GCTaskThread "GC Thread#2" [stack: 0x000000ce4d700000,0x000000ce4d800000] [id=16368]
  0x000001cfaa6254e0 GCTaskThread "GC Thread#3" [stack: 0x000000ce4d900000,0x000000ce4da00000] [id=14656]
  0x000001cfaa6257a0 GCTaskThread "GC Thread#4" [stack: 0x000000ce4da00000,0x000000ce4db00000] [id=18520]
  0x000001cfaa35f610 GCTaskThread "GC Thread#5" [stack: 0x000000ce4db00000,0x000000ce4dc00000] [id=3576]
  0x000001cfaa780590 GCTaskThread "GC Thread#6" [stack: 0x000000ce4dc00000,0x000000ce4dd00000] [id=18268]
  0x000001cf8bdbcf50 ConcurrentGCThread "G1 Main Marker" [stack: 0x000000ce4c200000,0x000000ce4c300000] [id=17688]
  0x000001cf8bdbd780 ConcurrentGCThread "G1 Conc#0" [stack: 0x000000ce4c300000,0x000000ce4c400000] [id=25020]
  0x000001cfa5b7c110 ConcurrentGCThread "G1 Refine#0" [stack: 0x000000ce4c400000,0x000000ce4c500000] [id=22616]
  0x000001cfa5b7c7f0 ConcurrentGCThread "G1 Service" [stack: 0x000000ce4c500000,0x000000ce4c600000] [id=15576]

Threads with active compile tasks:

VM state: at safepoint (normal execution)

VM Mutex/Monitor currently owned by a thread:  ([mutex/lock_event])
[0x000001cf8bd4f830] Threads_lock - owner thread: 0x000001cfa5d227d0
[0x000001cf8bd4f200] Heap_lock - owner thread: 0x000001cfaa2cc780

Heap address: 0x0000000081a00000, size: 2022 MB, Compressed Oops mode: 32-bit

CDS archive(s) not mapped
Compressed class space mapped at: 0x0000000100000000-0x0000000140000000, reserved size: 1073741824
Narrow klass base: 0x0000000000000000, Narrow klass shift: 3, Narrow klass range: 0x140000000

GC Precious Log:
 CPUs: 8 total, 8 available
 Memory: 8086M
 Large Page Support: Disabled
 NUMA Support: Disabled
 Compressed Oops: Enabled (32-bit)
 Heap Region Size: 1M
 Heap Min Capacity: 8M
 Heap Initial Capacity: 128M
 Heap Max Capacity: 2022M
 Pre-touch: Disabled
 Parallel Workers: 8
 Concurrent Workers: 2
 Concurrent Refinement Workers: 8
 Periodic GC: Disabled

Heap:
 garbage-first heap   total 131072K, used 22987K [0x0000000081a00000, 0x0000000100000000)
  region size 1024K, 1 young (1024K), 1 survivors (1024K)
 Metaspace       used 14202K, committed 14400K, reserved 1114112K
  class space    used 1367K, committed 1472K, reserved 1048576K

Heap Regions: E=young(eden), S=young(survivor), O=old, HS=humongous(starts), HC=humongous(continues), CS=collection set, F=free, OA=open archive, CA=closed archive, TAMS=top-at-mark-start (previous, next)
|   0|0x0000000081a00000, 0x0000000081b00000, 0x0000000081b00000|100%|HS|  |TAMS 0x0000000081a00000, 0x0000000081b00000| Complete 
|   1|0x0000000081b00000, 0x0000000081c00000, 0x0000000081c00000|100%|HC|  |TAMS 0x0000000081b00000, 0x0000000081c00000| Complete 
|   2|0x0000000081c00000, 0x0000000081d00000, 0x0000000081d00000|100%|HC|  |TAMS 0x0000000081c00000, 0x0000000081d00000| Complete 
|   3|0x0000000081d00000, 0x0000000081e00000, 0x0000000081e00000|100%|HC|  |TAMS 0x0000000081d00000, 0x0000000081e00000| Complete 
|   4|0x0000000081e00000, 0x0000000081e00000, 0x0000000081f00000|  0%| F|  |TAMS 0x0000000081e00000, 0x0000000081e00000| Untracked 
|   5|0x0000000081f00000, 0x0000000081f00000, 0x0000000082000000|  0%| F|  |TAMS 0x0000000081f00000, 0x0000000081f00000| Untracked 
|   6|0x0000000082000000, 0x0000000082000000, 0x0000000082100000|  0%| F|  |TAMS 0x0000000082000000, 0x0000000082000000| Untracked 
|   7|0x0000000082100000, 0x0000000082100000, 0x0000000082200000|  0%| F|  |TAMS 0x0000000082100000, 0x0000000082100000| Untracked 
|   8|0x0000000082200000, 0x0000000082200000, 0x0000000082300000|  0%| F|  |TAMS 0x0000000082200000, 0x0000000082200000| Untracked 
|   9|0x0000000082300000, 0x0000000082300000, 0x0000000082400000|  0%| F|  |TAMS 0x0000000082300000, 0x0000000082300000| Untracked 
|  10|0x0000000082400000, 0x0000000082400000, 0x0000000082500000|  0%| F|  |TAMS 0x0000000082400000, 0x0000000082400000| Untracked 
|  11|0x0000000082500000, 0x0000000082500000, 0x0000000082600000|  0%| F|  |TAMS 0x0000000082500000, 0x0000000082500000| Untracked 
|  12|0x0000000082600000, 0x0000000082600000, 0x0000000082700000|  0%| F|  |TAMS 0x0000000082600000, 0x0000000082600000| Untracked 
|  13|0x0000000082700000, 0x0000000082700000, 0x0000000082800000|  0%| F|  |TAMS 0x0000000082700000, 0x0000000082700000| Untracked 
|  14|0x0000000082800000, 0x0000000082800000, 0x0000000082900000|  0%| F|  |TAMS 0x0000000082800000, 0x0000000082800000| Untracked 
|  15|0x0000000082900000, 0x0000000082900000, 0x0000000082a00000|  0%| F|  |TAMS 0x0000000082900000, 0x0000000082900000| Untracked 
|  16|0x0000000082a00000, 0x0000000082a00000, 0x0000000082b00000|  0%| F|  |TAMS 0x0000000082a00000, 0x0000000082a00000| Untracked 
|  17|0x0000000082b00000, 0x0000000082b00000, 0x0000000082c00000|  0%| F|  |TAMS 0x0000000082b00000, 0x0000000082b00000| Untracked 
|  18|0x0000000082c00000, 0x0000000082c00000, 0x0000000082d00000|  0%| F|  |TAMS 0x0000000082c00000, 0x0000000082c00000| Untracked 
|  19|0x0000000082d00000, 0x0000000082d00000, 0x0000000082e00000|  0%| F|  |TAMS 0x0000000082d00000, 0x0000000082d00000| Untracked 
|  20|0x0000000082e00000, 0x0000000082e00000, 0x0000000082f00000|  0%| F|  |TAMS 0x0000000082e00000, 0x0000000082e00000| Untracked 
|  21|0x0000000082f00000, 0x0000000082f00000, 0x0000000083000000|  0%| F|  |TAMS 0x0000000082f00000, 0x0000000082f00000| Untracked 
|  22|0x0000000083000000, 0x0000000083000000, 0x0000000083100000|  0%| F|  |TAMS 0x0000000083000000, 0x0000000083000000| Untracked 
|  23|0x0000000083100000, 0x0000000083100000, 0x0000000083200000|  0%| F|  |TAMS 0x0000000083100000, 0x0000000083100000| Untracked 
|  24|0x0000000083200000, 0x0000000083200000, 0x0000000083300000|  0%| F|  |TAMS 0x0000000083200000, 0x0000000083200000| Untracked 
|  25|0x0000000083300000, 0x0000000083300000, 0x0000000083400000|  0%| F|  |TAMS 0x0000000083300000, 0x0000000083300000| Untracked 
|  26|0x0000000083400000, 0x0000000083400000, 0x0000000083500000|  0%| F|  |TAMS 0x0000000083400000, 0x0000000083400000| Untracked 
|  27|0x0000000083500000, 0x0000000083500000, 0x0000000083600000|  0%| F|  |TAMS 0x0000000083500000, 0x0000000083500000| Untracked 
|  28|0x0000000083600000, 0x0000000083600000, 0x0000000083700000|  0%| F|  |TAMS 0x0000000083600000, 0x0000000083600000| Untracked 
|  29|0x0000000083700000, 0x0000000083700000, 0x0000000083800000|  0%| F|  |TAMS 0x0000000083700000, 0x0000000083700000| Untracked 
|  30|0x0000000083800000, 0x0000000083800000, 0x0000000083900000|  0%| F|  |TAMS 0x0000000083800000, 0x0000000083800000| Untracked 
|  31|0x0000000083900000, 0x0000000083900000, 0x0000000083a00000|  0%| F|  |TAMS 0x0000000083900000, 0x0000000083900000| Untracked 
|  32|0x0000000083a00000, 0x0000000083b00000, 0x0000000083b00000|100%|HS|  |TAMS 0x0000000083a00000, 0x0000000083b00000| Complete 
|  33|0x0000000083b00000, 0x0000000083c00000, 0x0000000083c00000|100%|HC|  |TAMS 0x0000000083b00000, 0x0000000083c00000| Complete 
|  34|0x0000000083c00000, 0x0000000083d00000, 0x0000000083d00000|100%|HC|  |TAMS 0x0000000083c00000, 0x0000000083d00000| Complete 
|  35|0x0000000083d00000, 0x0000000083e00000, 0x0000000083e00000|100%|HC|  |TAMS 0x0000000083d00000, 0x0000000083e00000| Complete 
|  36|0x0000000083e00000, 0x0000000083f00000, 0x0000000083f00000|100%|HC|  |TAMS 0x0000000083e00000, 0x0000000083f00000| Complete 
|  37|0x0000000083f00000, 0x0000000084000000, 0x0000000084000000|100%|HC|  |TAMS 0x0000000083f00000, 0x0000000084000000| Complete 
|  38|0x0000000084000000, 0x0000000084100000, 0x0000000084100000|100%|HC|  |TAMS 0x0000000084000000, 0x0000000084100000| Complete 
|  39|0x0000000084100000, 0x0000000084200000, 0x0000000084200000|100%|HC|  |TAMS 0x0000000084100000, 0x0000000084200000| Complete 
|  40|0x0000000084200000, 0x0000000084200000, 0x0000000084300000|  0%| F|  |TAMS 0x0000000084200000, 0x0000000084200000| Untracked 
|  41|0x0000000084300000, 0x0000000084300000, 0x0000000084400000|  0%| F|  |TAMS 0x0000000084300000, 0x0000000084300000| Untracked 
|  42|0x0000000084400000, 0x0000000084400000, 0x0000000084500000|  0%| F|  |TAMS 0x0000000084400000, 0x0000000084400000| Untracked 
|  43|0x0000000084500000, 0x0000000084500000, 0x0000000084600000|  0%| F|  |TAMS 0x0000000084500000, 0x0000000084500000| Untracked 
|  44|0x0000000084600000, 0x0000000084700000, 0x0000000084700000|100%|HS|  |TAMS 0x0000000084600000, 0x0000000084700000| Complete 
|  45|0x0000000084700000, 0x0000000084800000, 0x0000000084800000|100%|HC|  |TAMS 0x0000000084700000, 0x0000000084800000| Complete 
|  46|0x0000000084800000, 0x0000000084900000, 0x0000000084900000|100%|HC|  |TAMS 0x0000000084800000, 0x0000000084900000| Complete 
|  47|0x0000000084900000, 0x0000000084a00000, 0x0000000084a00000|100%|HC|  |TAMS 0x0000000084900000, 0x0000000084a00000| Complete 
|  48|0x0000000084a00000, 0x0000000084b00000, 0x0000000084b00000|100%|HS|  |TAMS 0x0000000084a00000, 0x0000000084b00000| Complete 
|  49|0x0000000084b00000, 0x0000000084c00000, 0x0000000084c00000|100%|HC|  |TAMS 0x0000000084b00000, 0x0000000084c00000| Complete 
|  50|0x0000000084c00000, 0x0000000084d00000, 0x0000000084d00000|100%|HC|  |TAMS 0x0000000084c00000, 0x0000000084d00000| Complete 
|  51|0x0000000084d00000, 0x0000000084e00000, 0x0000000084e00000|100%|HC|  |TAMS 0x0000000084d00000, 0x0000000084e00000| Complete 
|  52|0x0000000084e00000, 0x0000000084e00000, 0x0000000084f00000|  0%| F|  |TAMS 0x0000000084e00000, 0x0000000084e00000| Untracked 
|  53|0x0000000084f00000, 0x0000000084f00000, 0x0000000085000000|  0%| F|  |TAMS 0x0000000084f00000, 0x0000000084f00000| Untracked 
|  54|0x0000000085000000, 0x0000000085000000, 0x0000000085100000|  0%| F|  |TAMS 0x0000000085000000, 0x0000000085000000| Untracked 
|  55|0x0000000085100000, 0x0000000085100000, 0x0000000085200000|  0%| F|  |TAMS 0x0000000085100000, 0x0000000085100000| Untracked 
|  56|0x0000000085200000, 0x0000000085200000, 0x0000000085300000|  0%| F|  |TAMS 0x0000000085200000, 0x0000000085200000| Untracked 
|  57|0x0000000085300000, 0x0000000085300000, 0x0000000085400000|  0%| F|  |TAMS 0x0000000085300000, 0x0000000085300000| Untracked 
|  58|0x0000000085400000, 0x0000000085400000, 0x0000000085500000|  0%| F|  |TAMS 0x0000000085400000, 0x0000000085400000| Untracked 
|  59|0x0000000085500000, 0x0000000085500000, 0x0000000085600000|  0%| F|  |TAMS 0x0000000085500000, 0x0000000085500000| Untracked 
|  60|0x0000000085600000, 0x0000000085700000, 0x0000000085700000|100%| O|  |TAMS 0x0000000085600000, 0x0000000085700000| Untracked 
|  61|0x0000000085700000, 0x0000000085800000, 0x0000000085800000|100%| O|  |TAMS 0x0000000085700000, 0x0000000085800000| Untracked 
|  62|0x0000000085800000, 0x000000008586bc00, 0x0000000085900000| 42%| O|  |TAMS 0x0000000085800000, 0x000000008586aa00| Untracked 
|  63|0x0000000085900000, 0x0000000085900000, 0x0000000085a00000|  0%| F|  |TAMS 0x0000000085900000, 0x0000000085900000| Untracked 
|  64|0x0000000085a00000, 0x0000000085a00000, 0x0000000085b00000|  0%| F|  |TAMS 0x0000000085a00000, 0x0000000085a00000| Untracked 
|  65|0x0000000085b00000, 0x0000000085b00000, 0x0000000085c00000|  0%| F|  |TAMS 0x0000000085b00000, 0x0000000085b00000| Untracked 
|  66|0x0000000085c00000, 0x0000000085c00000, 0x0000000085d00000|  0%| F|  |TAMS 0x0000000085c00000, 0x0000000085c00000| Untracked 
|  67|0x0000000085d00000, 0x0000000085d00000, 0x0000000085e00000|  0%| F|  |TAMS 0x0000000085d00000, 0x0000000085d00000| Untracked 
|  68|0x0000000085e00000, 0x0000000085e00000, 0x0000000085f00000|  0%| F|  |TAMS 0x0000000085e00000, 0x0000000085e00000| Untracked 
|  69|0x0000000085f00000, 0x0000000085f00000, 0x0000000086000000|  0%| F|  |TAMS 0x0000000085f00000, 0x0000000085f00000| Untracked 
|  70|0x0000000086000000, 0x0000000086000000, 0x0000000086100000|  0%| F|  |TAMS 0x0000000086000000, 0x0000000086000000| Untracked 
|  71|0x0000000086100000, 0x0000000086100000, 0x0000000086200000|  0%| F|  |TAMS 0x0000000086100000, 0x0000000086100000| Untracked 
|  72|0x0000000086200000, 0x0000000086200000, 0x0000000086300000|  0%| F|  |TAMS 0x0000000086200000, 0x0000000086200000| Untracked 
|  73|0x0000000086300000, 0x0000000086300000, 0x0000000086400000|  0%| F|  |TAMS 0x0000000086300000, 0x0000000086300000| Untracked 
|  74|0x0000000086400000, 0x0000000086400000, 0x0000000086500000|  0%| F|  |TAMS 0x0000000086400000, 0x0000000086400000| Untracked 
|  75|0x0000000086500000, 0x0000000086500000, 0x0000000086600000|  0%| F|  |TAMS 0x0000000086500000, 0x0000000086500000| Untracked 
|  76|0x0000000086600000, 0x0000000086600000, 0x0000000086700000|  0%| F|  |TAMS 0x0000000086600000, 0x0000000086600000| Untracked 
|  77|0x0000000086700000, 0x0000000086700000, 0x0000000086800000|  0%| F|  |TAMS 0x0000000086700000, 0x0000000086700000| Untracked 
|  78|0x0000000086800000, 0x0000000086800000, 0x0000000086900000|  0%| F|  |TAMS 0x0000000086800000, 0x0000000086800000| Untracked 
|  79|0x0000000086900000, 0x0000000086900000, 0x0000000086a00000|  0%| F|  |TAMS 0x0000000086900000, 0x0000000086900000| Untracked 
|  80|0x0000000086a00000, 0x0000000086a00000, 0x0000000086b00000|  0%| F|  |TAMS 0x0000000086a00000, 0x0000000086a00000| Untracked 
|  81|0x0000000086b00000, 0x0000000086b00000, 0x0000000086c00000|  0%| F|  |TAMS 0x0000000086b00000, 0x0000000086b00000| Untracked 
|  82|0x0000000086c00000, 0x0000000086c00000, 0x0000000086d00000|  0%| F|  |TAMS 0x0000000086c00000, 0x0000000086c00000| Untracked 
|  83|0x0000000086d00000, 0x0000000086d00000, 0x0000000086e00000|  0%| F|  |TAMS 0x0000000086d00000, 0x0000000086d00000| Untracked 
|  84|0x0000000086e00000, 0x0000000086e00000, 0x0000000086f00000|  0%| F|  |TAMS 0x0000000086e00000, 0x0000000086e00000| Untracked 
|  85|0x0000000086f00000, 0x0000000086f00000, 0x0000000087000000|  0%| F|  |TAMS 0x0000000086f00000, 0x0000000086f00000| Untracked 
|  86|0x0000000087000000, 0x0000000087000000, 0x0000000087100000|  0%| F|  |TAMS 0x0000000087000000, 0x0000000087000000| Untracked 
|  87|0x0000000087100000, 0x0000000087100000, 0x0000000087200000|  0%| F|  |TAMS 0x0000000087100000, 0x0000000087100000| Untracked 
|  88|0x0000000087200000, 0x0000000087200000, 0x0000000087300000|  0%| F|  |TAMS 0x0000000087200000, 0x0000000087200000| Untracked 
|  89|0x0000000087300000, 0x0000000087300000, 0x0000000087400000|  0%| F|  |TAMS 0x0000000087300000, 0x0000000087300000| Untracked 
|  90|0x0000000087400000, 0x0000000087400000, 0x0000000087500000|  0%| F|  |TAMS 0x0000000087400000, 0x0000000087400000| Untracked 
|  91|0x0000000087500000, 0x0000000087500000, 0x0000000087600000|  0%| F|  |TAMS 0x0000000087500000, 0x0000000087500000| Untracked 
|  92|0x0000000087600000, 0x0000000087600000, 0x0000000087700000|  0%| F|  |TAMS 0x0000000087600000, 0x0000000087600000| Untracked 
|  93|0x0000000087700000, 0x0000000087700000, 0x0000000087800000|  0%| F|  |TAMS 0x0000000087700000, 0x0000000087700000| Untracked 
|  94|0x0000000087800000, 0x0000000087800000, 0x0000000087900000|  0%| F|  |TAMS 0x0000000087800000, 0x0000000087800000| Untracked 
|  95|0x0000000087900000, 0x0000000087900000, 0x0000000087a00000|  0%| F|  |TAMS 0x0000000087900000, 0x0000000087900000| Untracked 
|  96|0x0000000087a00000, 0x0000000087a00000, 0x0000000087b00000|  0%| F|  |TAMS 0x0000000087a00000, 0x0000000087a00000| Untracked 
|  97|0x0000000087b00000, 0x0000000087b00000, 0x0000000087c00000|  0%| F|  |TAMS 0x0000000087b00000, 0x0000000087b00000| Untracked 
|  98|0x0000000087c00000, 0x0000000087c00000, 0x0000000087d00000|  0%| F|  |TAMS 0x0000000087c00000, 0x0000000087c00000| Untracked 
|  99|0x0000000087d00000, 0x0000000087d00000, 0x0000000087e00000|  0%| F|  |TAMS 0x0000000087d00000, 0x0000000087d00000| Untracked 
| 100|0x0000000087e00000, 0x0000000087e00000, 0x0000000087f00000|  0%| F|  |TAMS 0x0000000087e00000, 0x0000000087e00000| Untracked 
| 101|0x0000000087f00000, 0x0000000087f00000, 0x0000000088000000|  0%| F|  |TAMS 0x0000000087f00000, 0x0000000087f00000| Untracked 
| 102|0x0000000088000000, 0x0000000088000000, 0x0000000088100000|  0%| F|  |TAMS 0x0000000088000000, 0x0000000088000000| Untracked 
| 103|0x0000000088100000, 0x0000000088100000, 0x0000000088200000|  0%| F|  |TAMS 0x0000000088100000, 0x0000000088100000| Untracked 
| 104|0x0000000088200000, 0x0000000088200000, 0x0000000088300000|  0%| F|  |TAMS 0x0000000088200000, 0x0000000088200000| Untracked 
| 105|0x0000000088300000, 0x0000000088300000, 0x0000000088400000|  0%| F|  |TAMS 0x0000000088300000, 0x0000000088300000| Untracked 
| 106|0x0000000088400000, 0x0000000088400000, 0x0000000088500000|  0%| F|  |TAMS 0x0000000088400000, 0x0000000088400000| Untracked 
| 107|0x0000000088500000, 0x0000000088500000, 0x0000000088600000|  0%| F|  |TAMS 0x0000000088500000, 0x0000000088500000| Untracked 
| 108|0x0000000088600000, 0x0000000088600000, 0x0000000088700000|  0%| F|  |TAMS 0x0000000088600000, 0x0000000088600000| Untracked 
| 109|0x0000000088700000, 0x0000000088700000, 0x0000000088800000|  0%| F|  |TAMS 0x0000000088700000, 0x0000000088700000| Untracked 
| 110|0x0000000088800000, 0x0000000088800000, 0x0000000088900000|  0%| F|  |TAMS 0x0000000088800000, 0x0000000088800000| Untracked 
| 111|0x0000000088900000, 0x0000000088900000, 0x0000000088a00000|  0%| F|  |TAMS 0x0000000088900000, 0x0000000088900000| Untracked 
| 112|0x0000000088a00000, 0x0000000088a00000, 0x0000000088b00000|  0%| F|  |TAMS 0x0000000088a00000, 0x0000000088a00000| Untracked 
| 113|0x0000000088b00000, 0x0000000088b00000, 0x0000000088c00000|  0%| F|  |TAMS 0x0000000088b00000, 0x0000000088b00000| Untracked 
| 114|0x0000000088c00000, 0x0000000088c00000, 0x0000000088d00000|  0%| F|  |TAMS 0x0000000088c00000, 0x0000000088c00000| Untracked 
| 115|0x0000000088d00000, 0x0000000088d00000, 0x0000000088e00000|  0%| F|  |TAMS 0x0000000088d00000, 0x0000000088d00000| Untracked 
| 116|0x0000000088e00000, 0x0000000088e00000, 0x0000000088f00000|  0%| F|  |TAMS 0x0000000088e00000, 0x0000000088e00000| Untracked 
| 117|0x0000000088f00000, 0x0000000088f00000, 0x0000000089000000|  0%| F|  |TAMS 0x0000000088f00000, 0x0000000088f00000| Untracked 
| 118|0x0000000089000000, 0x0000000089000000, 0x0000000089100000|  0%| F|  |TAMS 0x0000000089000000, 0x0000000089000000| Untracked 
| 119|0x0000000089100000, 0x0000000089100000, 0x0000000089200000|  0%| F|  |TAMS 0x0000000089100000, 0x0000000089100000| Untracked 
| 120|0x0000000089200000, 0x0000000089200000, 0x0000000089300000|  0%| F|  |TAMS 0x0000000089200000, 0x0000000089200000| Untracked 
| 121|0x0000000089300000, 0x0000000089300000, 0x0000000089400000|  0%| F|  |TAMS 0x0000000089300000, 0x0000000089300000| Untracked 
| 122|0x0000000089400000, 0x0000000089400000, 0x0000000089500000|  0%| F|  |TAMS 0x0000000089400000, 0x0000000089400000| Untracked 
| 123|0x0000000089500000, 0x0000000089500000, 0x0000000089600000|  0%| F|  |TAMS 0x0000000089500000, 0x0000000089500000| Untracked 
| 124|0x0000000089600000, 0x0000000089600000, 0x0000000089700000|  0%| F|  |TAMS 0x0000000089600000, 0x0000000089600000| Untracked 
| 125|0x0000000089700000, 0x0000000089707010, 0x0000000089800000|  2%| S|CS|TAMS 0x0000000089700000, 0x0000000089700000| Complete 
| 126|0x0000000089800000, 0x0000000089800000, 0x0000000089900000|  0%| F|  |TAMS 0x0000000089800000, 0x0000000089800000| Untracked 
| 127|0x0000000089900000, 0x0000000089900000, 0x0000000089a00000|  0%| F|  |TAMS 0x0000000089900000, 0x0000000089900000| Untracked 

Card table byte_map: [0x000001cf9eb60000,0x000001cf9ef60000] _byte_map_base: 0x000001cf9e753000

Marking Bits (Prev, Next): (CMBitMap*) 0x000001cf8bdab1b0, (CMBitMap*) 0x000001cf8bdab1f0
 Prev Bits: [0x000001cf9f360000, 0x000001cfa12f8000)
 Next Bits: [0x000001cfa1300000, 0x000001cfa3298000)

Polling page: 0x000001cf89d10000

Metaspace:

Usage:
  Non-class:     12.53 MB used.
      Class:      1.34 MB used.
       Both:     13.87 MB used.

Virtual space:
  Non-class space:       64.00 MB reserved,      12.62 MB ( 20%) committed,  1 nodes.
      Class space:        1.00 GB reserved,       1.44 MB ( <1%) committed,  1 nodes.
             Both:        1.06 GB reserved,      14.06 MB (  1%) committed. 

Chunk freelists:
   Non-Class:  2.94 MB
       Class:  14.58 MB
        Both:  17.53 MB

MaxMetaspaceSize: unlimited
CompressedClassSpaceSize: 1.00 GB
Initial GC threshold: 21.00 MB
Current GC threshold: 21.00 MB
CDS: off
MetaspaceReclaimPolicy: balanced
 - commit_granule_bytes: 65536.
 - commit_granule_words: 8192.
 - virtual_space_node_default_size: 8388608.
 - enlarge_chunks_in_place: 1.
 - new_chunks_are_fully_committed: 0.
 - uncommit_free_chunks: 1.
 - use_allocation_guard: 0.
 - handle_deallocations: 1.


Internal statistics:

num_allocs_failed_limit: 0.
num_arena_births: 144.
num_arena_deaths: 0.
num_vsnodes_births: 2.
num_vsnodes_deaths: 0.
num_space_committed: 225.
num_space_uncommitted: 0.
num_chunks_returned_to_freelist: 0.
num_chunks_taken_from_freelist: 212.
num_chunk_merges: 0.
num_chunk_splits: 124.
num_chunks_enlarged: 66.
num_inconsistent_stats: 0.

CodeHeap 'non-profiled nmethods': size=120000Kb used=415Kb max_used=415Kb free=119584Kb
 bounds [0x000001cf96f00000, 0x000001cf97170000, 0x000001cf9e430000]
CodeHeap 'profiled nmethods': size=120000Kb used=2287Kb max_used=2287Kb free=117712Kb
 bounds [0x000001cf8f430000, 0x000001cf8f6a0000, 0x000001cf96960000]
CodeHeap 'non-nmethods': size=5760Kb used=1253Kb max_used=1271Kb free=4506Kb
 bounds [0x000001cf96960000, 0x000001cf96bd0000, 0x000001cf96f00000]
 total_blobs=1968 nmethods=1394 adapters=487
 compilation: enabled
              stopped_count=0, restarted_count=0
 full_count=0

Compilation events (20 events):
Event: 34.510 Thread 0x000001cfaa03e480 nmethod 1386 0x000001cf8f668210 code [0x000001cf8f6683a0, 0x000001cf8f6684e8]
Event: 34.510 Thread 0x000001cfaa03e480 1387   !   3       sun.java2d.SunGraphics2D::untransformShape (44 bytes)
Event: 34.510 Thread 0x000001cfaa03db70 nmethod 1384 0x000001cf96f66310 code [0x000001cf96f66480, 0x000001cf96f665b8]
Event: 34.510 Thread 0x000001cfaa03e480 nmethod 1387 0x000001cf8f668590 code [0x000001cf8f668760, 0x000001cf8f668a48]
Event: 34.510 Thread 0x000001cfaa03e480 1388       3       java.awt.image.SampleModel::<init> (124 bytes)
Event: 34.511 Thread 0x000001cfaa03e480 nmethod 1388 0x000001cf8f668b90 code [0x000001cf8f668dc0, 0x000001cf8f669508]
Event: 34.512 Thread 0x000001cfaa03db70 1389       4       sun.java2d.SunGraphics2D::setColor (108 bytes)
Event: 34.518 Thread 0x000001cfaa03e480 1391       3       java.lang.Integer::getChars (131 bytes)
Event: 34.519 Thread 0x000001cfaa03e480 nmethod 1391 0x000001cf8f669790 code [0x000001cf8f669960, 0x000001cf8f669d98]
Event: 34.523 Thread 0x000001cfaa03db70 nmethod 1389 0x000001cf96f66690 code [0x000001cf96f66860, 0x000001cf96f67178]
Event: 34.523 Thread 0x000001cfaa03db70 1390       4       sun.java2d.SunGraphics2D::validateColor (102 bytes)
Event: 34.526 Thread 0x000001cfaa03db70 nmethod 1390 0x000001cf96f67490 code [0x000001cf96f67640, 0x000001cf96f67858]
Event: 34.527 Thread 0x000001cfaa03e480 1392  s    3       sun.java2d.Disposer::add (61 bytes)
Event: 34.528 Thread 0x000001cfaa03e480 nmethod 1392 0x000001cf8f66a010 code [0x000001cf8f66a220, 0x000001cf8f66aca8]
Event: 34.532 Thread 0x000001cfaa03e480 1393       1       sun.awt.windows.WObjectPeer::getStateLock (5 bytes)
Event: 34.532 Thread 0x000001cfaa03e480 nmethod 1393 0x000001cf96f67b10 code [0x000001cf96f67ca0, 0x000001cf96f67d78]
Event: 34.532 Thread 0x000001cfaa03e480 1394       3       sun.java2d.StateTrackableDelegate::<init> (10 bytes)
Event: 34.533 Thread 0x000001cfaa03e480 nmethod 1394 0x000001cf8f66af10 code [0x000001cf8f66b0a0, 0x000001cf8f66b258]
Event: 34.534 Thread 0x000001cfaa03e480 1395       3       sun.java2d.StateTrackableDelegate::createInstance (80 bytes)
Event: 34.535 Thread 0x000001cfaa03e480 nmethod 1395 0x000001cf8f66b310 code [0x000001cf8f66b520, 0x000001cf8f66bb48]

GC Heap History (20 events):
Event: 19.854 GC heap after
{Heap after GC invocations=10 (full 0):
 garbage-first heap   total 131072K, used 10666K [0x0000000081a00000, 0x0000000100000000)
  region size 1024K, 1 young (1024K), 1 survivors (1024K)
 Metaspace       used 14005K, committed 14208K, reserved 1114112K
  class space    used 1367K, committed 1472K, reserved 1048576K
}
Event: 28.911 GC heap before
{Heap before GC invocations=10 (full 0):
 garbage-first heap   total 131072K, used 56746K [0x0000000081a00000, 0x0000000100000000)
  region size 1024K, 3 young (3072K), 1 survivors (1024K)
 Metaspace       used 14110K, committed 14336K, reserved 1114112K
  class space    used 1367K, committed 1472K, reserved 1048576K
}
Event: 28.912 GC heap after
{Heap after GC invocations=11 (full 0):
 garbage-first heap   total 131072K, used 51645K [0x0000000081a00000, 0x0000000100000000)
  region size 1024K, 1 young (1024K), 1 survivors (1024K)
 Metaspace       used 14110K, committed 14336K, reserved 1114112K
  class space    used 1367K, committed 1472K, reserved 1048576K
}
Event: 28.919 GC heap before
{Heap before GC invocations=11 (full 0):
 garbage-first heap   total 131072K, used 55741K [0x0000000081a00000, 0x0000000100000000)
  region size 1024K, 2 young (2048K), 1 survivors (1024K)
 Metaspace       used 14114K, committed 14336K, reserved 1114112K
  class space    used 1367K, committed 1472K, reserved 1048576K
}
Event: 28.920 GC heap after
{Heap after GC invocations=12 (full 0):
 garbage-first heap   total 131072K, used 10682K [0x0000000081a00000, 0x0000000100000000)
  region size 1024K, 1 young (1024K), 1 survivors (1024K)
 Metaspace       used 14114K, committed 14336K, reserved 1114112K
  class space    used 1367K, committed 1472K, reserved 1048576K
}
Event: 29.005 GC heap before
{Heap before GC invocations=12 (full 0):
 garbage-first heap   total 131072K, used 56762K [0x0000000081a00000, 0x0000000100000000)
  region size 1024K, 3 young (3072K), 1 survivors (1024K)
 Metaspace       used 14134K, committed 14336K, reserved 1114112K
  class space    used 1367K, committed 1472K, reserved 1048576K
}
Event: 29.006 GC heap after
{Heap after GC invocations=13 (full 0):
 garbage-first heap   total 131072K, used 51643K [0x0000000081a00000, 0x0000000100000000)
  region size 1024K, 1 young (1024K), 1 survivors (1024K)
 Metaspace       used 14134K, committed 14336K, reserved 1114112K
  class space    used 1367K, committed 1472K, reserved 1048576K
}
Event: 29.013 GC heap before
{Heap before GC invocations=13 (full 0):
 garbage-first heap   total 131072K, used 55739K [0x0000000081a00000, 0x0000000100000000)
  region size 1024K, 2 young (2048K), 1 survivors (1024K)
 Metaspace       used 14141K, committed 14336K, reserved 1114112K
  class space    used 1367K, committed 1472K, reserved 1048576K
}
Event: 29.014 GC heap after
{Heap after GC invocations=14 (full 0):
 garbage-first heap   total 131072K, used 10678K [0x0000000081a00000, 0x0000000100000000)
  region size 1024K, 1 young (1024K), 1 survivors (1024K)
 Metaspace       used 14141K, committed 14336K, reserved 1114112K
  class space    used 1367K, committed 1472K, reserved 1048576K
}
Event: 29.910 GC heap before
{Heap before GC invocations=14 (full 0):
 garbage-first heap   total 131072K, used 56758K [0x0000000081a00000, 0x0000000100000000)
  region size 1024K, 3 young (3072K), 1 survivors (1024K)
 Metaspace       used 14151K, committed 14336K, reserved 1114112K
  class space    used 1367K, committed 1472K, reserved 1048576K
}
Event: 29.911 GC heap after
{Heap after GC invocations=15 (full 0):
 garbage-first heap   total 131072K, used 51643K [0x0000000081a00000, 0x0000000100000000)
  region size 1024K, 1 young (1024K), 1 survivors (1024K)
 Metaspace       used 14151K, committed 14336K, reserved 1114112K
  class space    used 1367K, committed 1472K, reserved 1048576K
}
Event: 32.225 GC heap before
{Heap before GC invocations=15 (full 0):
 garbage-first heap   total 131072K, used 59835K [0x0000000081a00000, 0x0000000100000000)
  region size 1024K, 2 young (2048K), 1 survivors (1024K)
 Metaspace       used 14180K, committed 14400K, reserved 1114112K
  class space    used 1367K, committed 1472K, reserved 1048576K
}
Event: 32.226 GC heap after
{Heap after GC invocations=16 (full 0):
 garbage-first heap   total 131072K, used 22970K [0x0000000081a00000, 0x0000000100000000)
  region size 1024K, 1 young (1024K), 1 survivors (1024K)
 Metaspace       used 14180K, committed 14400K, reserved 1114112K
  class space    used 1367K, committed 1472K, reserved 1048576K
}
Event: 34.443 GC heap before
{Heap before GC invocations=16 (full 0):
 garbage-first heap   total 131072K, used 55738K [0x0000000081a00000, 0x0000000100000000)
  region size 1024K, 2 young (2048K), 1 survivors (1024K)
 Metaspace       used 14195K, committed 14400K, reserved 1114112K
  class space    used 1367K, committed 1472K, reserved 1048576K
}
Event: 34.444 GC heap after
{Heap after GC invocations=17 (full 0):
 garbage-first heap   total 131072K, used 47547K [0x0000000081a00000, 0x0000000100000000)
  region size 1024K, 1 young (1024K), 1 survivors (1024K)
 Metaspace       used 14195K, committed 14400K, reserved 1114112K
  class space    used 1367K, committed 1472K, reserved 1048576K
}
Event: 34.461 GC heap before
{Heap before GC invocations=17 (full 0):
 garbage-first heap   total 131072K, used 55739K [0x0000000081a00000, 0x0000000100000000)
  region size 1024K, 2 young (2048K), 1 survivors (1024K)
 Metaspace       used 14196K, committed 14400K, reserved 1114112K
  class space    used 1367K, committed 1472K, reserved 1048576K
}
Event: 34.462 GC heap after
{Heap after GC invocations=18 (full 0):
 garbage-first heap   total 131072K, used 22975K [0x0000000081a00000, 0x0000000100000000)
  region size 1024K, 1 young (1024K), 1 survivors (1024K)
 Metaspace       used 14196K, committed 14400K, reserved 1114112K
  class space    used 1367K, committed 1472K, reserved 1048576K
}
Event: 34.524 GC heap before
{Heap before GC invocations=18 (full 0):
 garbage-first heap   total 131072K, used 56767K [0x0000000081a00000, 0x0000000100000000)
  region size 1024K, 3 young (3072K), 1 survivors (1024K)
 Metaspace       used 14200K, committed 14400K, reserved 1114112K
  class space    used 1367K, committed 1472K, reserved 1048576K
}
Event: 34.525 GC heap after
{Heap after GC invocations=19 (full 0):
 garbage-first heap   total 131072K, used 47559K [0x0000000081a00000, 0x0000000100000000)
  region size 1024K, 1 young (1024K), 1 survivors (1024K)
 Metaspace       used 14200K, committed 14400K, reserved 1114112K
  class space    used 1367K, committed 1472K, reserved 1048576K
}
Event: 34.548 GC heap before
{Heap before GC invocations=19 (full 0):
 garbage-first heap   total 131072K, used 56775K [0x0000000081a00000, 0x0000000100000000)
  region size 1024K, 3 young (3072K), 1 survivors (1024K)
 Metaspace       used 14202K, committed 14400K, reserved 1114112K
  class space    used 1367K, committed 1472K, reserved 1048576K
}

Dll operation events (8 events):
Event: 0.013 Loaded shared library C:\Users\Clint\.p2\pool\plugins\org.eclipse.justj.openjdk.hotspot.jre.full.win32.x86_64_17.0.11.v20240426-1830\jre\bin\java.dll
Event: 0.194 Loaded shared library C:\Users\Clint\.p2\pool\plugins\org.eclipse.justj.openjdk.hotspot.jre.full.win32.x86_64_17.0.11.v20240426-1830\jre\bin\net.dll
Event: 0.197 Loaded shared library C:\Users\Clint\.p2\pool\plugins\org.eclipse.justj.openjdk.hotspot.jre.full.win32.x86_64_17.0.11.v20240426-1830\jre\bin\nio.dll
Event: 0.301 Loaded shared library C:\Users\Clint\.p2\pool\plugins\org.eclipse.justj.openjdk.hotspot.jre.full.win32.x86_64_17.0.11.v20240426-1830\jre\bin\jimage.dll
Event: 0.325 Loaded shared library C:\Users\Clint\.p2\pool\plugins\org.eclipse.justj.openjdk.hotspot.jre.full.win32.x86_64_17.0.11.v20240426-1830\jre\bin\awt.dll
Event: 0.543 Loaded shared library C:\Users\Clint\.p2\pool\plugins\org.eclipse.justj.openjdk.hotspot.jre.full.win32.x86_64_17.0.11.v20240426-1830\jre\bin\zip.dll
Event: 0.640 Loaded shared library C:\Users\Clint\.p2\pool\plugins\org.eclipse.justj.openjdk.hotspot.jre.full.win32.x86_64_17.0.11.v20240426-1830\jre\bin\freetype.dll
Event: 0.642 Loaded shared library C:\Users\Clint\.p2\pool\plugins\org.eclipse.justj.openjdk.hotspot.jre.full.win32.x86_64_17.0.11.v20240426-1830\jre\bin\fontmanager.dll

Deoptimization events (20 events):
Event: 19.635 Thread 0x000001cfaa2cc780 DEOPT PACKING pc=0x000001cf96f467a8 sp=0x000000ce4d8fdaf0
Event: 19.635 Thread 0x000001cfaa2cc780 DEOPT UNPACKING pc=0x000001cf969b69a3 sp=0x000000ce4d8fd9f8 mode 2
Event: 21.141 Thread 0x000001cfaa2cc780 Uncommon trap: trap_request=0xffffff45 fr.pc=0x000001cf96f54248 relative=0x0000000000001828
Event: 21.141 Thread 0x000001cfaa2cc780 Uncommon trap: reason=unstable_if action=reinterpret pc=0x000001cf96f54248 method=sun.font.GlyphList.ensureCapacity(I)V @ 49 c2
Event: 21.141 Thread 0x000001cfaa2cc780 DEOPT PACKING pc=0x000001cf96f54248 sp=0x000000ce4d8fdf30
Event: 21.141 Thread 0x000001cfaa2cc780 DEOPT UNPACKING pc=0x000001cf969b69a3 sp=0x000000ce4d8fddc0 mode 2
Event: 28.870 Thread 0x000001cfaa2cc780 Uncommon trap: trap_request=0xffffffa5 fr.pc=0x000001cf96f29224 relative=0x0000000000000104
Event: 28.870 Thread 0x000001cfaa2cc780 Uncommon trap: reason=initialized action=reinterpret pc=0x000001cf96f29224 method=Arts.m.rand(I)I @ 0 c2
Event: 28.870 Thread 0x000001cfaa2cc780 DEOPT PACKING pc=0x000001cf96f29224 sp=0x000000ce4d8fd990
Event: 28.870 Thread 0x000001cfaa2cc780 DEOPT UNPACKING pc=0x000001cf969b69a3 sp=0x000000ce4d8fd930 mode 2
Event: 28.894 Thread 0x000001cfaa2cc780 DEOPT PACKING pc=0x000001cf8f5b2695 sp=0x000000ce4d8fda70
Event: 28.894 Thread 0x000001cfaa2cc780 DEOPT UNPACKING pc=0x000001cf969b7143 sp=0x000000ce4d8fcf08 mode 0
Event: 29.885 Thread 0x000001cfaa2cc780 Uncommon trap: trap_request=0xffffff45 fr.pc=0x000001cf96f4bf20 relative=0x0000000000000160
Event: 29.885 Thread 0x000001cfaa2cc780 Uncommon trap: reason=unstable_if action=reinterpret pc=0x000001cf96f4bf20 method=sun.java2d.SunGraphics2D.validateColor()V @ 38 c2
Event: 29.885 Thread 0x000001cfaa2cc780 DEOPT PACKING pc=0x000001cf96f4bf20 sp=0x000000ce4d8fde50
Event: 29.885 Thread 0x000001cfaa2cc780 DEOPT UNPACKING pc=0x000001cf969b69a3 sp=0x000000ce4d8fddd0 mode 2
Event: 29.885 Thread 0x000001cfaa2cc780 Uncommon trap: trap_request=0xffffff45 fr.pc=0x000001cf96f4b174 relative=0x0000000000000394
Event: 29.885 Thread 0x000001cfaa2cc780 Uncommon trap: reason=unstable_if action=reinterpret pc=0x000001cf96f4b174 method=sun.java2d.SunGraphics2D.validateColor()V @ 38 c2
Event: 29.885 Thread 0x000001cfaa2cc780 DEOPT PACKING pc=0x000001cf96f4b174 sp=0x000000ce4d8fde90
Event: 29.885 Thread 0x000001cfaa2cc780 DEOPT UNPACKING pc=0x000001cf969b69a3 sp=0x000000ce4d8fdde0 mode 2

Classes unloaded (0 events):
No events

Classes redefined (0 events):
No events

Internal exceptions (20 events):
Event: 0.341 Thread 0x000001cf8bd52a60 Exception <a 'java/io/FileNotFoundException'{0x000000008974a548}> (0x000000008974a548) 
thrown [s\src\hotspot\share\prims\jni.cpp, line 516]
Event: 0.349 Thread 0x000001cf8bd52a60 Exception <a 'java/io/FileNotFoundException'{0x0000000089777f50}> (0x0000000089777f50) 
thrown [s\src\hotspot\share\prims\jni.cpp, line 516]
Event: 0.409 Thread 0x000001cf8bd52a60 Exception <a 'java/lang/NoSuchMethodError'{0x00000000897b9e00}: 'java.lang.Object java.lang.invoke.DirectMethodHandle$Holder.invokeStaticInit(java.lang.Object)'> (0x00000000897b9e00) 
thrown [s\src\hotspot\share\interpreter\linkResolver.cpp, line 759]
Event: 0.453 Thread 0x000001cf8bd52a60 Exception <a 'java/lang/NoSuchMethodError'{0x0000000089619018}: 'void java.lang.invoke.DirectMethodHandle$Holder.invokeSpecial(java.lang.Object, java.lang.Object, java.lang.Object)'> (0x0000000089619018) 
thrown [s\src\hotspot\share\interpreter\linkResolver.cpp, line 759]
Event: 0.464 Thread 0x000001cf8bd52a60 Exception <a 'java/lang/NoSuchMethodError'{0x0000000089642ec0}: 'java.lang.Object java.lang.invoke.DirectMethodHandle$Holder.newInvokeSpecial(java.lang.Object, java.lang.Object, java.lang.Object, java.lang.Object, java.lang.Object)'> (0x0000000089642ec0) 
thrown [s\src\hotspot\share\interpreter\linkResolver.cpp, line 759]
Event: 0.466 Thread 0x000001cf8bd52a60 Exception <a 'java/lang/NoSuchMethodError'{0x000000008964e888}: 'java.lang.Object java.lang.invoke.DirectMethodHandle$Holder.invokeStatic(java.lang.Object, int, java.lang.Object, java.lang.Object, java.lang.Object, java.lang.Object)'> (0x000000008964e888) 
thrown [s\src\hotspot\share\interpreter\linkResolver.cpp, line 759]
Event: 0.472 Thread 0x000001cf8bd52a60 Exception <a 'java/lang/NoSuchMethodError'{0x0000000089674180}: 'java.lang.Object java.lang.invoke.DirectMethodHandle$Holder.invokeStatic(java.lang.Object, int, java.lang.Object)'> (0x0000000089674180) 
thrown [s\src\hotspot\share\interpreter\linkResolver.cpp, line 759]
Event: 0.508 Thread 0x000001cf8bd52a60 Exception <a 'java/lang/ClassNotFoundException'{0x000000008952c0f0}: com/sun/swing/internal/plaf/metal/resources/spi/metalProvider> (0x000000008952c0f0) 
thrown [s\src\hotspot\share\classfile\systemDictionary.cpp, line 256]
Event: 0.509 Thread 0x000001cf8bd52a60 Exception <a 'java/lang/ClassNotFoundException'{0x000000008952fc50}: com/sun/swing/internal/plaf/basic/resources/spi/basicProvider> (0x000000008952fc50) 
thrown [s\src\hotspot\share\classfile\systemDictionary.cpp, line 256]
Event: 0.531 Thread 0x000001cf8bd52a60 Exception <a 'sun/nio/fs/WindowsException'{0x000000008955f130}> (0x000000008955f130) 
thrown [s\src\hotspot\share\prims\jni.cpp, line 516]
Event: 0.532 Thread 0x000001cf8bd52a60 Exception <a 'sun/nio/fs/WindowsException'{0x0000000089560080}> (0x0000000089560080) 
thrown [s\src\hotspot\share\prims\jni.cpp, line 516]
Event: 0.532 Thread 0x000001cf8bd52a60 Exception <a 'sun/nio/fs/WindowsException'{0x0000000089560f70}> (0x0000000089560f70) 
thrown [s\src\hotspot\share\prims\jni.cpp, line 516]
Event: 0.533 Thread 0x000001cf8bd52a60 Exception <a 'sun/nio/fs/WindowsException'{0x0000000089561f58}> (0x0000000089561f58) 
thrown [s\src\hotspot\share\prims\jni.cpp, line 516]
Event: 0.533 Thread 0x000001cf8bd52a60 Exception <a 'sun/nio/fs/WindowsException'{0x0000000089562f40}> (0x0000000089562f40) 
thrown [s\src\hotspot\share\prims\jni.cpp, line 516]
Event: 0.634 Thread 0x000001cf8bd52a60 Exception <a 'java/lang/NoSuchMethodError'{0x00000000893676f8}: 'void java.lang.invoke.DirectMethodHandle$Holder.invokeStaticInit(java.lang.Object)'> (0x00000000893676f8) 
thrown [s\src\hotspot\share\interpreter\linkResolver.cpp, line 759]
Event: 0.686 Thread 0x000001cf8bd52a60 Exception <a 'sun/nio/fs/WindowsException'{0x000000008923e7a8}> (0x000000008923e7a8) 
thrown [s\src\hotspot\share\prims\jni.cpp, line 516]
Event: 3.764 Thread 0x000001cfaa2cc780 Exception <a 'java/lang/NoSuchMethodError'{0x00000000891d3c50}: 'java.lang.Object java.lang.invoke.DirectMethodHandle$Holder.invokeSpecial(java.lang.Object, java.lang.Object, long, java.lang.Object, java.lang.Object, java.lang.Object, java.lang.Object, java.lang.Object, java.lang.Object)'> (0x00000000891d3c50) 
thrown [s\src\hotspot\share\interpreter\linkResolver.cpp, line 759]
Event: 3.765 Thread 0x000001cfaa2cc780 Exception <a 'java/lang/NoSuchMethodError'{0x00000000891d8778}: 'java.lang.Object java.lang.invoke.DelegatingMethodHandle$Holder.reinvoke_L(java.lang.Object, long, java.lang.Object, java.lang.Object, java.lang.Object, java.lang.Object, java.lang.Object, java.lang.Object)'> (0x00000000891d8778) 
thrown [s\src\hotspot\share\interpreter\linkResolver.cpp, line 759]
Event: 3.766 Thread 0x000001cfaa2cc780 Exception <a 'java/lang/NoSuchMethodError'{0x00000000891e5618}: 'java.lang.Object java.lang.invoke.Invokers$Holder.linkToTargetMethod(java.lang.Object, java.lang.Object, java.lang.Object, java.lang.Object, java.lang.Object, java.lang.Object, java.lang.Object)'> (0x00000000891e5618) 
thrown [s\src\hotspot\share\interpreter\linkResolver.cpp, line 759]
Event: 19.635 Thread 0x000001cfaa2cc780 Implicit null exception at 0x000001cf96f466f3 to 0x000001cf96f4678c

VM Operations (20 events):
Event: 28.912 Executing VM operation: G1TryInitiateConcMark done
Event: 28.919 Executing VM operation: G1TryInitiateConcMark
Event: 28.920 Executing VM operation: G1TryInitiateConcMark done
Event: 29.004 Executing VM operation: G1TryInitiateConcMark
Event: 29.006 Executing VM operation: G1TryInitiateConcMark done
Event: 29.013 Executing VM operation: G1TryInitiateConcMark
Event: 29.014 Executing VM operation: G1TryInitiateConcMark done
Event: 29.910 Executing VM operation: G1TryInitiateConcMark
Event: 29.911 Executing VM operation: G1TryInitiateConcMark done
Event: 31.931 Executing VM operation: Cleanup
Event: 31.931 Executing VM operation: Cleanup done
Event: 32.225 Executing VM operation: G1TryInitiateConcMark
Event: 32.226 Executing VM operation: G1TryInitiateConcMark done
Event: 34.443 Executing VM operation: G1TryInitiateConcMark
Event: 34.444 Executing VM operation: G1TryInitiateConcMark done
Event: 34.461 Executing VM operation: G1TryInitiateConcMark
Event: 34.462 Executing VM operation: G1TryInitiateConcMark done
Event: 34.524 Executing VM operation: G1TryInitiateConcMark
Event: 34.525 Executing VM operation: G1TryInitiateConcMark done
Event: 34.548 Executing VM operation: G1TryInitiateConcMark

Events (20 events):
Event: 3.738 loading class java/awt/ColorPaintContext
Event: 3.738 loading class java/awt/PaintContext
Event: 3.738 loading class java/awt/PaintContext done
Event: 3.738 loading class java/awt/ColorPaintContext done
Event: 3.738 loading class sun/java2d/pipe/AlphaPaintPipe$TileContext
Event: 3.738 loading class sun/java2d/pipe/AlphaPaintPipe$TileContext done
Event: 3.741 loading class sun/font/CMap$CMapFormat12
Event: 3.741 loading class sun/font/CMap$CMapFormat12 done
Event: 3.742 loading class sun/font/SunFontManager$FamilyDescription
Event: 3.743 loading class sun/font/SunFontManager$FamilyDescription done
Event: 3.743 loading class sun/font/SunFontManager$5
Event: 3.744 loading class sun/font/SunFontManager$5 done
Event: 3.757 loading class java/lang/invoke/BoundMethodHandle$Species_LLLLLLLLLL
Event: 3.758 loading class java/lang/invoke/BoundMethodHandle$Species_LLLLLLLLLL done
Event: 3.759 loading class java/lang/invoke/BoundMethodHandle$Species_LLLLLLLLLLL
Event: 3.759 loading class java/lang/invoke/BoundMethodHandle$Species_LLLLLLLLLLL done
Event: 3.761 loading class java/lang/invoke/BoundMethodHandle$Species_LLLLLLLLLLLL
Event: 3.761 loading class java/lang/invoke/BoundMethodHandle$Species_LLLLLLLLLLLL done
Event: 3.763 loading class java/lang/invoke/BoundMethodHandle$Species_LLLLLLLLLLLLL
Event: 3.763 loading class java/lang/invoke/BoundMethodHandle$Species_LLLLLLLLLLLLL done


Dynamic libraries:
0x00007ff63ced0000 - 0x00007ff63cede000 	C:\Users\Clint\.p2\pool\plugins\org.eclipse.justj.openjdk.hotspot.jre.full.win32.x86_64_17.0.11.v20240426-1830\jre\bin\javaw.exe
0x00007ffdf2810000 - 0x00007ffdf2a08000 	C:\WINDOWS\SYSTEM32\ntdll.dll
0x00007ffdf1d30000 - 0x00007ffdf1df2000 	C:\WINDOWS\System32\KERNEL32.DLL
0x00007ffdf0140000 - 0x00007ffdf043e000 	C:\WINDOWS\System32\KERNELBASE.dll
0x00007ffdeff20000 - 0x00007ffdf0020000 	C:\WINDOWS\System32\ucrtbase.dll
0x00007ffde13e0000 - 0x00007ffde13f7000 	C:\Users\Clint\.p2\pool\plugins\org.eclipse.justj.openjdk.hotspot.jre.full.win32.x86_64_17.0.11.v20240426-1830\jre\bin\jli.dll
0x00007ffdd0520000 - 0x00007ffdd053b000 	C:\Users\Clint\.p2\pool\plugins\org.eclipse.justj.openjdk.hotspot.jre.full.win32.x86_64_17.0.11.v20240426-1830\jre\bin\VCRUNTIME140.dll
0x00007ffdf1e00000 - 0x00007ffdf1f9d000 	C:\WINDOWS\System32\USER32.dll
0x00007ffdf0440000 - 0x00007ffdf0462000 	C:\WINDOWS\System32\win32u.dll
0x00007ffdf0f60000 - 0x00007ffdf0f8b000 	C:\WINDOWS\System32\GDI32.dll
0x00007ffde3900000 - 0x00007ffde3b9a000 	C:\WINDOWS\WinSxS\amd64_microsoft.windows.common-controls_6595b64144ccf1df_6.0.19041.4355_none_60b8b9eb71f62e16\COMCTL32.dll
0x00007ffdf0020000 - 0x00007ffdf0137000 	C:\WINDOWS\System32\gdi32full.dll
0x00007ffdf1850000 - 0x00007ffdf18ee000 	C:\WINDOWS\System32\msvcrt.dll
0x00007ffdf05d0000 - 0x00007ffdf066d000 	C:\WINDOWS\System32\msvcp_win.dll
0x00007ffdf0f90000 - 0x00007ffdf0fbf000 	C:\WINDOWS\System32\IMM32.DLL
0x00007ffdebdc0000 - 0x00007ffdebdcc000 	C:\Users\Clint\.p2\pool\plugins\org.eclipse.justj.openjdk.hotspot.jre.full.win32.x86_64_17.0.11.v20240426-1830\jre\bin\vcruntime140_1.dll
0x00007ffdc4e30000 - 0x00007ffdc4ebd000 	C:\Users\Clint\.p2\pool\plugins\org.eclipse.justj.openjdk.hotspot.jre.full.win32.x86_64_17.0.11.v20240426-1830\jre\bin\msvcp140.dll
0x00007ffda86c0000 - 0x00007ffda9322000 	C:\Users\Clint\.p2\pool\plugins\org.eclipse.justj.openjdk.hotspot.jre.full.win32.x86_64_17.0.11.v20240426-1830\jre\bin\server\jvm.dll
0x00007ffdf0d60000 - 0x00007ffdf0e12000 	C:\WINDOWS\System32\ADVAPI32.dll
0x00007ffdf0cb0000 - 0x00007ffdf0d50000 	C:\WINDOWS\System32\sechost.dll
0x00007ffdf0890000 - 0x00007ffdf09b3000 	C:\WINDOWS\System32\RPCRT4.dll
0x00007ffdf0800000 - 0x00007ffdf0827000 	C:\WINDOWS\System32\bcrypt.dll
0x00007ffddc510000 - 0x00007ffddc519000 	C:\WINDOWS\SYSTEM32\WSOCK32.dll
0x00007ffdef440000 - 0x00007ffdef48b000 	C:\WINDOWS\SYSTEM32\POWRPROF.dll
0x00007ffde4700000 - 0x00007ffde4727000 	C:\WINDOWS\SYSTEM32\WINMM.dll
0x00007ffdf1c50000 - 0x00007ffdf1cbb000 	C:\WINDOWS\System32\WS2_32.dll
0x00007ffde2c40000 - 0x00007ffde2c4a000 	C:\WINDOWS\SYSTEM32\VERSION.dll
0x00007ffdef2b0000 - 0x00007ffdef2c2000 	C:\WINDOWS\SYSTEM32\UMPDC.dll
0x00007ffdedd30000 - 0x00007ffdedd42000 	C:\WINDOWS\SYSTEM32\kernel.appcore.dll
0x00007ffded510000 - 0x00007ffded51a000 	C:\Users\Clint\.p2\pool\plugins\org.eclipse.justj.openjdk.hotspot.jre.full.win32.x86_64_17.0.11.v20240426-1830\jre\bin\jimage.dll
0x00007ffde18e0000 - 0x00007ffde1ac4000 	C:\WINDOWS\SYSTEM32\DBGHELP.DLL
0x00007ffde1880000 - 0x00007ffde18b4000 	C:\WINDOWS\SYSTEM32\dbgcore.DLL
0x00007ffdf0670000 - 0x00007ffdf06f2000 	C:\WINDOWS\System32\bcryptPrimitives.dll
0x00007ffdebc30000 - 0x00007ffdebc55000 	C:\Users\Clint\.p2\pool\plugins\org.eclipse.justj.openjdk.hotspot.jre.full.win32.x86_64_17.0.11.v20240426-1830\jre\bin\java.dll
0x00007ffdebcc0000 - 0x00007ffdebcd8000 	C:\Users\Clint\.p2\pool\plugins\org.eclipse.justj.openjdk.hotspot.jre.full.win32.x86_64_17.0.11.v20240426-1830\jre\bin\zip.dll
0x00007ffdf0fc0000 - 0x00007ffdf172f000 	C:\WINDOWS\System32\SHELL32.dll
0x00007ffdedf30000 - 0x00007ffdee6d4000 	C:\WINDOWS\SYSTEM32\windows.storage.dll
0x00007ffdf18f0000 - 0x00007ffdf1c43000 	C:\WINDOWS\System32\combase.dll
0x00007ffdef8e0000 - 0x00007ffdef90e000 	C:\WINDOWS\SYSTEM32\Wldp.dll
0x00007ffdf09c0000 - 0x00007ffdf0a8d000 	C:\WINDOWS\System32\OLEAUT32.dll
0x00007ffdf1fa0000 - 0x00007ffdf204d000 	C:\WINDOWS\System32\SHCORE.dll
0x00007ffdf0ed0000 - 0x00007ffdf0f25000 	C:\WINDOWS\System32\shlwapi.dll
0x00007ffdefde0000 - 0x00007ffdefe04000 	C:\WINDOWS\SYSTEM32\profapi.dll
0x00007ffde3570000 - 0x00007ffde3589000 	C:\Users\Clint\.p2\pool\plugins\org.eclipse.justj.openjdk.hotspot.jre.full.win32.x86_64_17.0.11.v20240426-1830\jre\bin\net.dll
0x00007ffde6cd0000 - 0x00007ffde6ddd000 	C:\WINDOWS\SYSTEM32\WINHTTP.dll
0x00007ffdef640000 - 0x00007ffdef6aa000 	C:\WINDOWS\system32\mswsock.dll
0x00007ffddf6c0000 - 0x00007ffddf6d6000 	C:\Users\Clint\.p2\pool\plugins\org.eclipse.justj.openjdk.hotspot.jre.full.win32.x86_64_17.0.11.v20240426-1830\jre\bin\nio.dll
0x00007ffdb09a0000 - 0x00007ffdb0b30000 	C:\Users\Clint\.p2\pool\plugins\org.eclipse.justj.openjdk.hotspot.jre.full.win32.x86_64_17.0.11.v20240426-1830\jre\bin\awt.dll
0x00007ffdec210000 - 0x00007ffdec2a4000 	C:\WINDOWS\SYSTEM32\apphelp.dll
0x00007ffdeda30000 - 0x00007ffdeda5f000 	C:\WINDOWS\system32\DWMAPI.DLL
0x00007ffded820000 - 0x00007ffded8be000 	C:\WINDOWS\system32\uxtheme.dll
0x00007ffdac180000 - 0x00007ffdac2a8000 	C:\WINDOWS\system32\opengl32.dll
0x00007ffdce6e0000 - 0x00007ffdce70c000 	C:\WINDOWS\SYSTEM32\GLU32.dll
0x00007ffdf1730000 - 0x00007ffdf1845000 	C:\WINDOWS\System32\MSCTF.dll
0x00007ffdf0af0000 - 0x00007ffdf0c1b000 	C:\WINDOWS\System32\ole32.dll
0x00007ffdc4a10000 - 0x00007ffdc4a97000 	C:\Users\Clint\.p2\pool\plugins\org.eclipse.justj.openjdk.hotspot.jre.full.win32.x86_64_17.0.11.v20240426-1830\jre\bin\freetype.dll
0x00007ffdc37e0000 - 0x00007ffdc38c2000 	C:\Users\Clint\.p2\pool\plugins\org.eclipse.justj.openjdk.hotspot.jre.full.win32.x86_64_17.0.11.v20240426-1830\jre\bin\fontmanager.dll
0x00007ffde93b0000 - 0x00007ffde94a9000 	C:\WINDOWS\SYSTEM32\textinputframework.dll
0x00007ffdeb9c0000 - 0x00007ffdebab2000 	C:\WINDOWS\System32\CoreMessaging.dll
0x00007ffdeb2e0000 - 0x00007ffdeb63b000 	C:\WINDOWS\System32\CoreUIComponents.dll
0x00007ffdef140000 - 0x00007ffdef173000 	C:\WINDOWS\SYSTEM32\ntmarta.dll
0x00007ffdec920000 - 0x00007ffdeca77000 	C:\WINDOWS\SYSTEM32\wintypes.dll

dbghelp: loaded successfully - version: 4.0.5 - missing functions: none
symbol engine: initialized successfully - sym options: 0x614 - pdb path: .;C:\Users\Clint\.p2\pool\plugins\org.eclipse.justj.openjdk.hotspot.jre.full.win32.x86_64_17.0.11.v20240426-1830\jre\bin;C:\WINDOWS\SYSTEM32;C:\WINDOWS\WinSxS\amd64_microsoft.windows.common-controls_6595b64144ccf1df_6.0.19041.4355_none_60b8b9eb71f62e16;C:\Users\Clint\.p2\pool\plugins\org.eclipse.justj.openjdk.hotspot.jre.full.win32.x86_64_17.0.11.v20240426-1830\jre\bin\server

VM Arguments:
jvm_args: -Dfile.encoding=UTF-8 -Dstdout.encoding=UTF-8 -Dstderr.encoding=UTF-8 --module-path=C:\Users\Clint\Documents\Processing\Larnish\Arts\bin -XX:+ShowCodeDetailsInExceptionMessages -Djdk.module.main=Arts 
java_command: Arts/Arts.Arts
java_class_path (initial): <not set>
Launcher Type: SUN_STANDARD

[Global flags]
     intx CICompilerCount                          = 4                                         {product} {ergonomic}
     uint ConcGCThreads                            = 2                                         {product} {ergonomic}
     uint G1ConcRefinementThreads                  = 8                                         {product} {ergonomic}
   size_t G1HeapRegionSize                         = 1048576                                   {product} {ergonomic}
    uintx GCDrainStackTargetSize                   = 64                                        {product} {ergonomic}
   size_t InitialHeapSize                          = 134217728                                 {product} {ergonomic}
   size_t MarkStackSize                            = 4194304                                   {product} {ergonomic}
   size_t MaxHeapSize                              = 2120220672                                {product} {ergonomic}
   size_t MaxNewSize                               = 1271922688                                {product} {ergonomic}
   size_t MinHeapDeltaBytes                        = 1048576                                   {product} {ergonomic}
   size_t MinHeapSize                              = 8388608                                   {product} {ergonomic}
    uintx NonNMethodCodeHeapSize                   = 5839372                                {pd product} {ergonomic}
    uintx NonProfiledCodeHeapSize                  = 122909434                              {pd product} {ergonomic}
    uintx ProfiledCodeHeapSize                     = 122909434                              {pd product} {ergonomic}
    uintx ReservedCodeCacheSize                    = 251658240                              {pd product} {ergonomic}
     bool SegmentedCodeCache                       = true                                      {product} {ergonomic}
     bool ShowCodeDetailsInExceptionMessages       = true                                   {manageable} {command line}
   size_t SoftMaxHeapSize                          = 2120220672                             {manageable} {ergonomic}
     bool UseCompressedClassPointers               = true                           {product lp64_product} {ergonomic}
     bool UseCompressedOops                        = true                           {product lp64_product} {ergonomic}
     bool UseG1GC                                  = true                                      {product} {ergonomic}
     bool UseLargePagesIndividualAllocation        = false                                  {pd product} {ergonomic}

Logging:
Log output configuration:
 #0: stdout all=warning uptime,level,tags
 #1: stderr all=off uptime,level,tags

Environment Variables:
PATH=C:/Users/Clint/.p2/pool/plugins/org.eclipse.justj.openjdk.hotspot.jre.full.win32.x86_64_17.0.11.v20240426-1830/jre/bin/server;C:/Users/Clint/.p2/pool/plugins/org.eclipse.justj.openjdk.hotspot.jre.full.win32.x86_64_17.0.11.v20240426-1830/jre/bin;C:\Program Files\Eclipse Adoptium\jdk-21.0.4.7-hotspot\bin;C:\VulkanSDK\1.3.290.1\Bin;C:\VulkanSDK\1.3.290.0\Bin;C:\Program Files (x86)\Common Files\Oracle\Java\java8path;C:\Program Files (x86)\Common Files\Oracle\Java\javapath;C:\ProgramData\Oracle\Java\javapath;C:\Program Files\Common Files\Microsoft Shared\Windows Live;C:\Program Files (x86)\Common Files\Microsoft Shared\Windows Live;C:\WINDOWS\system32;C:\WINDOWS;C:\WINDOWS\System32\Wbem;C:\WINDOWS\System32\WindowsPowerShell\v1.0\;C:\Program Files (x86)\Common Files\Roxio Shared\OEM\DLLShared\;C:\Program Files (x86)\Common Files\Roxio Shared\OEM\12.0\DLLShared\;C:\Program Files (x86)\Roxio\OEM\AudioCore\;C:\Program Files (x86)\Windows Live\Shared;C:\Program Files (x86)\Intel\OpenCL SDK\2.0\bin\x86;C:\Program Files (x86)\Intel\OpenCL SDK\2.0\bin\x64;C:\WINDOWS\System32\OpenSSH\;C:\Program Files\Intel\WiFi\bin\;C:\Program Files\Common Files\Intel\WirelessCommon\;C:\Program Files\dotnet\;C:\Program Files (x86)\Intel\OpenCL SDK\2.0\bin\x86;C:\Program Files (x86)\Intel\OpenCL SDK\2.0\bin\x64;C:\Program Files\nodejs\;C:\Users\Clint\AppData\Local\Microsoft\WindowsApps;C:\Users\Clint\AppData\Local\Programs\Microsoft VS Code\bin;C:\Users\Clint\AppData\Roaming\npm;C:\Users\Clint\AppData\Local\GitHubDesktop\bin;C:\WINDOWS\System32;
USERNAME=Clint
OS=Windows_NT
PROCESSOR_IDENTIFIER=Intel64 Family 6 Model 42 Stepping 7, GenuineIntel
TMP=C:\Users\Clint\AppData\Local\Temp
TEMP=C:\Users\Clint\AppData\Local\Temp



Periodic native trim disabled


---------------  S Y S T E M  ---------------

OS:
 Windows 10 , 64 bit Build 19041 (10.0.19041.4957)
OS uptime: 4 days 5:07 hours

CPU: total 8 (initial active 8) (4 cores per cpu, 2 threads per core) family 6 model 42 stepping 7 microcode 0x2f, cx8, cmov, fxsr, ht, mmx, sse, sse2, sse3, ssse3, sse4.1, sse4.2, popcnt, tsc, tscinvbit, avx, aes, clmul, vzeroupper, clflush
Processor Information for all 8 processors :
  Max Mhz: 2001, Current Mhz: 2001, Mhz Limit: 2001

Memory: 4k page, system-wide physical 8086M (863M free)
TotalPageFile size 32662M (AvailPageFile size 45M)
current process WorkingSet (physical memory assigned to process): 130M, peak: 132M
current process commit charge ("private bytes"): 222M, peak: 280M

vm_info: OpenJDK 64-Bit Server VM (17.0.11+9) for windows-amd64 JRE (17.0.11+9), built on Apr 17 2024 06:07:48 by "admin" with MS VC++ 16.10 / 16.11 (VS2019)

END.
